mode: set
github.com/shibbirmcc/user-auth-and-permissions/main.go:21.22,27.16 3 0
github.com/shibbirmcc/user-auth-and-permissions/main.go:27.16,29.3 1 0
github.com/shibbirmcc/user-auth-and-permissions/main.go:32.2,32.33 1 0
github.com/shibbirmcc/user-auth-and-permissions/main.go:32.33,34.3 1 0
github.com/shibbirmcc/user-auth-and-permissions/main.go:37.2,38.16 2 0
github.com/shibbirmcc/user-auth-and-permissions/main.go:38.16,40.3 1 0
github.com/shibbirmcc/user-auth-and-permissions/main.go:43.2,48.16 2 0
github.com/shibbirmcc/user-auth-and-permissions/main.go:48.16,50.3 1 0
github.com/shibbirmcc/user-auth-and-permissions/main.go:53.2,53.61 1 0
github.com/shibbirmcc/user-auth-and-permissions/main.go:53.61,55.3 1 0
github.com/shibbirmcc/user-auth-and-permissions/main.go:57.2,57.57 1 0
github.com/shibbirmcc/user-auth-and-permissions/main.go:60.13,62.16 2 0
github.com/shibbirmcc/user-auth-and-permissions/main.go:62.16,64.3 1 0
github.com/shibbirmcc/user-auth-and-permissions/main.go:66.2,71.16 4 0
github.com/shibbirmcc/user-auth-and-permissions/main.go:71.16,73.3 1 0
github.com/shibbirmcc/user-auth-and-permissions/main.go:75.2,83.16 6 0
github.com/shibbirmcc/user-auth-and-permissions/main.go:83.16,85.3 1 0
github.com/shibbirmcc/user-auth-and-permissions/main.go:87.2,87.47 1 0
github.com/shibbirmcc/user-auth-and-permissions/main.go:87.47,89.3 1 0
github.com/shibbirmcc/user-auth-and-permissions/handlers/login.go:12.32,16.49 3 0
github.com/shibbirmcc/user-auth-and-permissions/handlers/login.go:16.49,19.3 2 0
github.com/shibbirmcc/user-auth-and-permissions/handlers/login.go:21.2,22.78 2 0
github.com/shibbirmcc/user-auth-and-permissions/handlers/login.go:22.78,25.3 2 0
github.com/shibbirmcc/user-auth-and-permissions/handlers/login.go:27.2,27.61 1 0
github.com/shibbirmcc/user-auth-and-permissions/handlers/login.go:27.61,30.3 2 0
github.com/shibbirmcc/user-auth-and-permissions/handlers/login.go:32.2,33.83 2 0
github.com/shibbirmcc/user-auth-and-permissions/handlers/login.go:33.83,36.3 2 0
github.com/shibbirmcc/user-auth-and-permissions/handlers/login.go:39.2,40.16 2 0
github.com/shibbirmcc/user-auth-and-permissions/handlers/login.go:40.16,43.3 2 0
github.com/shibbirmcc/user-auth-and-permissions/handlers/login.go:45.2,45.46 1 0
github.com/shibbirmcc/user-auth-and-permissions/handlers/registration.go:12.35,16.49 3 0
github.com/shibbirmcc/user-auth-and-permissions/handlers/registration.go:16.49,19.3 2 0
github.com/shibbirmcc/user-auth-and-permissions/handlers/registration.go:21.2,22.16 2 0
github.com/shibbirmcc/user-auth-and-permissions/handlers/registration.go:22.16,25.3 2 0
github.com/shibbirmcc/user-auth-and-permissions/handlers/registration.go:27.2,34.47 3 0
github.com/shibbirmcc/user-auth-and-permissions/handlers/registration.go:34.47,35.48 1 0
github.com/shibbirmcc/user-auth-and-permissions/handlers/registration.go:35.48,37.4 1 0
github.com/shibbirmcc/user-auth-and-permissions/handlers/registration.go:38.3,39.38 2 0
github.com/shibbirmcc/user-auth-and-permissions/handlers/registration.go:42.2,42.16 1 0
github.com/shibbirmcc/user-auth-and-permissions/handlers/registration.go:42.16,45.3 2 0
github.com/shibbirmcc/user-auth-and-permissions/handlers/registration.go:46.2,46.95 1 0
github.com/shibbirmcc/user-auth-and-permissions/middlewares/auth.go:12.44,13.30 1 0
github.com/shibbirmcc/user-auth-and-permissions/middlewares/auth.go:13.30,15.84 2 0
github.com/shibbirmcc/user-auth-and-permissions/middlewares/auth.go:15.84,16.59 1 0
github.com/shibbirmcc/user-auth-and-permissions/middlewares/auth.go:16.59,18.5 1 0
github.com/shibbirmcc/user-auth-and-permissions/middlewares/auth.go:19.4,19.47 1 0
github.com/shibbirmcc/user-auth-and-permissions/middlewares/auth.go:22.3,22.17 1 0
github.com/shibbirmcc/user-auth-and-permissions/middlewares/auth.go:22.17,25.4 2 0
github.com/shibbirmcc/user-auth-and-permissions/middlewares/auth.go:27.3,27.68 1 0
github.com/shibbirmcc/user-auth-and-permissions/middlewares/auth.go:27.68,29.4 1 0
github.com/shibbirmcc/user-auth-and-permissions/middlewares/auth.go:29.9,32.4 2 0
github.com/shibbirmcc/user-auth-and-permissions/middlewares/auth.go:33.3,33.11 1 0
github.com/shibbirmcc/user-auth-and-permissions/middlewares/auth.go:37.51,40.18 3 0
github.com/shibbirmcc/user-auth-and-permissions/middlewares/auth.go:40.18,43.3 2 0
github.com/shibbirmcc/user-auth-and-permissions/middlewares/auth.go:44.2,44.35 1 0
github.com/shibbirmcc/user-auth-and-permissions/middlewares/cors.go:5.39,6.30 1 0
github.com/shibbirmcc/user-auth-and-permissions/middlewares/cors.go:6.30,13.36 5 0
github.com/shibbirmcc/user-auth-and-permissions/middlewares/cors.go:13.36,17.4 2 0
github.com/shibbirmcc/user-auth-and-permissions/middlewares/cors.go:20.3,20.11 1 0
github.com/shibbirmcc/user-auth-and-permissions/middlewares/database.go:27.54,28.30 1 0
github.com/shibbirmcc/user-auth-and-permissions/middlewares/database.go:28.30,34.3 2 0
github.com/shibbirmcc/user-auth-and-permissions/routes/routes.go:8.31,13.2 3 0
github.com/shibbirmcc/user-auth-and-permissions/routes/routes.go:13.2,16.3 2 0
github.com/shibbirmcc/user-auth-and-permissions/routes/routes.go:19.2,19.15 1 0
github.com/shibbirmcc/user-auth-and-permissions/utils/jwt.go:12.79,13.17 1 1
github.com/shibbirmcc/user-auth-and-permissions/utils/jwt.go:13.17,15.3 1 1
github.com/shibbirmcc/user-auth-and-permissions/utils/jwt.go:16.2,17.21 2 1
github.com/shibbirmcc/user-auth-and-permissions/utils/jwt.go:17.21,19.3 1 1
github.com/shibbirmcc/user-auth-and-permissions/utils/jwt.go:20.2,32.46 4 1
github.com/shibbirmcc/user-auth-and-permissions/utils/password.go:13.52,14.20 1 1
github.com/shibbirmcc/user-auth-and-permissions/utils/password.go:14.20,16.3 1 1
github.com/shibbirmcc/user-auth-and-permissions/utils/password.go:17.2,18.27 2 1
github.com/shibbirmcc/user-auth-and-permissions/utils/password.go:21.52,24.2 2 0
github.com/shibbirmcc/user-auth-and-permissions/utils/password.go:26.57,28.16 2 1
github.com/shibbirmcc/user-auth-and-permissions/utils/password.go:28.16,30.3 1 0
github.com/shibbirmcc/user-auth-and-permissions/utils/password.go:32.2,33.16 2 1
github.com/shibbirmcc/user-auth-and-permissions/utils/password.go:33.16,35.3 1 0
github.com/shibbirmcc/user-auth-and-permissions/utils/password.go:36.2,36.38 1 1
github.com/shibbirmcc/user-auth-and-permissions/utils/password.go:39.57,43.30 4 1
github.com/shibbirmcc/user-auth-and-permissions/utils/password.go:43.30,45.17 2 1
github.com/shibbirmcc/user-auth-and-permissions/utils/password.go:45.17,47.4 1 0
github.com/shibbirmcc/user-auth-and-permissions/utils/password.go:48.3,48.49 1 1
github.com/shibbirmcc/user-auth-and-permissions/utils/password.go:50.2,50.31 1 1
